Change Component Designator: Old Designator=C1 New Designator=C3
Change Component Designator: Old Designator=C2 New Designator=C4
Change Component Designator: Old Designator=C3 New Designator=C5
Change Component Designator: Old Designator=C4 New Designator=C6
Change Component Designator: Old Designator=C5 New Designator=C7
Change Component Designator: Old Designator=C? New Designator=C1
Change Component Designator: Old Designator=C? New Designator=C2
Change Component Designator: Old Designator=LED5 New Designator=LED13
Change Component Designator: Old Designator=LED6 New Designator=LED14
Change Component Designator: Old Designator=LED7 New Designator=LED15
Change Component Designator: Old Designator=LED8 New Designator=LED16
Change Component Designator: Old Designator=LED9 New Designator=LED17
Change Component Designator: Old Designator=LED10 New Designator=LED18
Change Component Designator: Old Designator=LED11 New Designator=LED5
Change Component Designator: Old Designator=LED12 New Designator=LED6
Change Component Designator: Old Designator=LED13 New Designator=LED7
Change Component Designator: Old Designator=LED14 New Designator=LED8
Change Component Designator: Old Designator=LED15 New Designator=LED9
Change Component Designator: Old Designator=LED16 New Designator=LED10
Change Component Designator: Old Designator=LED17 New Designator=LED11
Change Component Designator: Old Designator=LED18 New Designator=LED12
Change Component Designator: Old Designator=LED23 New Designator=LED24
Change Component Designator: Old Designator=LED24 New Designator=LED25
Change Component Designator: Old Designator=LED25 New Designator=LED26
Change Component Designator: Old Designator=LED? New Designator=LED23
Change Component Designator: Old Designator=R15 New Designator=R16
Change Component Designator: Old Designator=R16 New Designator=R17
Change Component Designator: Old Designator=R17 New Designator=R18
Change Component Designator: Old Designator=R45 New Designator=R15
Change Component Designator: Old Designator=RN1 New Designator=RN2
Change Component Designator: Old Designator=RN2 New Designator=RN3
Change Component Designator: Old Designator=RN3 New Designator=RN1
Change Component Designator: Old Designator=VIT? New Designator=VIT1
Change Component Designator: Old Designator=VIT? New Designator=VIT2
Change Component Designator: Old Designator=VIT? New Designator=VIT3
Change Component Designator: Old Designator=VIT? New Designator=VIT4
