Change Component Designator: Old Designator=1N5822 New Designator=1
Change Component Designator: Old Designator=C? New Designator=C4
Change Component Designator: Old Designator=C? New Designator=C5
Change Component Designator: Old Designator=D1 New Designator=D3
Change Component Designator: Old Designator=D2 New Designator=D1
Change Component Designator: Old Designator=D3 New Designator=D4
Change Component Designator: Old Designator=D4 New Designator=D2
Change Component Designator: Old Designator=JP1 New Designator=JP2
Change Component Designator: Old Designator=JP1 New Designator=JP3
Change Component Designator: Old Designator=JP1 New Designator=JP5
Change Component Designator: Old Designator=JP1 New Designator=JP7
Change Component Designator: Old Designator=JP1 New Designator=JP9
Change Component Designator: Old Designator=JP2 New Designator=JP1
Change Component Designator: Old Designator=JP7 New Designator=JP6
Change Component Designator: Old Designator=JP9 New Designator=JP8
Change Component Designator: Old Designator=JP14 New Designator=JP15
Change Component Designator: Old Designator=JP15 New Designator=JP14
Change Component Designator: Old Designator=L? New Designator=L1
Change Component Designator: Old Designator=LED15 New Designator=LED25
Change Component Designator: Old Designator=LED16 New Designator=LED14
Change Component Designator: Old Designator=LED18 New Designator=LED16
Change Component Designator: Old Designator=LED20 New Designator=LED18
Change Component Designator: Old Designator=LED22 New Designator=LED20
Change Component Designator: Old Designator=LED24 New Designator=LED22
Change Component Designator: Old Designator=LED25 New Designator=LED24
Change Component Designator: Old Designator=R8 New Designator=R6
Change Component Designator: Old Designator=R10 New Designator=R8
Change Component Designator: Old Designator=R12 New Designator=R10
Change Component Designator: Old Designator=R14 New Designator=R12
Change Component Designator: Old Designator=R16 New Designator=R14
Change Component Designator: Old Designator=R17 New Designator=R16
Change Component Designator: Old Designator=R? New Designator=R17
Change Component Designator: Old Designator=RN? New Designator=RN2
Change Component Designator: Old Designator=RN? New Designator=RN3
Change Component Designator: Old Designator=U? New Designator=U1
Change Component Designator: Old Designator=U? New Designator=U1
Change Component Part ID : Designator=U1 Old Part ID =1 New Part ID =2
Change Component Designator: Old Designator=U? New Designator=U3
Change Component Designator: Old Designator=U? New Designator=U3
Change Component Part ID : Designator=U3 Old Part ID =1 New Part ID =2
Change Component Designator: Old Designator=U? New Designator=U1
Change Component Part ID : Designator=U1 Old Part ID =2 New Part ID =3
Change Component Designator: Old Designator=U? New Designator=U1
Change Component Part ID : Designator=U1 Old Part ID =2 New Part ID =4
Change Component Designator: Old Designator=U? New Designator=U3
Change Component Part ID : Designator=U3 Old Part ID =2 New Part ID =3
Change Component Designator: Old Designator=U? New Designator=U3
Change Component Part ID : Designator=U3 Old Part ID =2 New Part ID =4
Change Component Designator: Old Designator=U? New Designator=U2
Change Component Part ID : Designator=U2 Old Part ID =3 New Part ID =1
Change Component Designator: Old Designator=U? New Designator=U2
Change Component Part ID : Designator=U2 Old Part ID =3 New Part ID =2
Change Component Designator: Old Designator=U? New Designator=U4
Change Component Part ID : Designator=U4 Old Part ID =3 New Part ID =1
Change Component Designator: Old Designator=U? New Designator=U4
Change Component Part ID : Designator=U4 Old Part ID =3 New Part ID =2
Change Component Designator: Old Designator=U? New Designator=U2
Change Component Part ID : Designator=U2 Old Part ID =4 New Part ID =3
Change Component Designator: Old Designator=U? New Designator=U2
Change Component Designator: Old Designator=U? New Designator=U4
Change Component Part ID : Designator=U4 Old Part ID =4 New Part ID =3
Change Component Designator: Old Designator=U? New Designator=U4
Change Component Designator: Old Designator=U? New Designator=U5
