Change Component Designator: Old Designator=C1 New Designator=C3
Change Component Designator: Old Designator=C2 New Designator=C1
Change Component Designator: Old Designator=C3 New Designator=C2
Change Component Designator: Old Designator=JP1 New Designator=JP16
Change Component Designator: Old Designator=JP3 New Designator=JP1
Change Component Designator: Old Designator=JP4 New Designator=JP17
Change Component Designator: Old Designator=JP6 New Designator=JP3
Change Component Designator: Old Designator=JP7 New Designator=JP18
Change Component Designator: Old Designator=JP9 New Designator=JP5
Change Component Designator: Old Designator=JP10 New Designator=JP19
Change Component Designator: Old Designator=JP12 New Designator=JP6
Change Component Designator: Old Designator=JP13 New Designator=JP8
Change Component Designator: Old Designator=JP? New Designator=JP2
Change Component Designator: Old Designator=JP? New Designator=JP4
Change Component Designator: Old Designator=JP? New Designator=JP7
Change Component Designator: Old Designator=JP? New Designator=JP9
Change Component Designator: Old Designator=JP? New Designator=JP10
Change Component Designator: Old Designator=JP? New Designator=JP11
Change Component Designator: Old Designator=JP? New Designator=JP12
Change Component Designator: Old Designator=JP? New Designator=JP13
Change Component Designator: Old Designator=JP? New Designator=JP14
Change Component Designator: Old Designator=JP? New Designator=JP15
Change Component Designator: Old Designator=LED3 New Designator=LED11
Change Component Designator: Old Designator=LED4 New Designator=LED12
Change Component Designator: Old Designator=LED5 New Designator=LED13
Change Component Designator: Old Designator=LED6 New Designator=LED14
Change Component Designator: Old Designator=LED7 New Designator=LED15
Change Component Designator: Old Designator=LED8 New Designator=LED16
Change Component Designator: Old Designator=LED9 New Designator=LED17
Change Component Designator: Old Designator=LED10 New Designator=LED18
Change Component Designator: Old Designator=LED11 New Designator=LED19
Change Component Designator: Old Designator=LED12 New Designator=LED20
Change Component Designator: Old Designator=LED13 New Designator=LED21
Change Component Designator: Old Designator=LED14 New Designator=LED22
Change Component Designator: Old Designator=LED15 New Designator=LED23
Change Component Designator: Old Designator=LED16 New Designator=LED24
Change Component Designator: Old Designator=LED17 New Designator=LED25
Change Component Designator: Old Designator=LED? New Designator=LED3
Change Component Designator: Old Designator=LED? New Designator=LED4
Change Component Designator: Old Designator=LED? New Designator=LED5
Change Component Designator: Old Designator=LED? New Designator=LED6
Change Component Designator: Old Designator=LED? New Designator=LED7
Change Component Designator: Old Designator=LED? New Designator=LED8
Change Component Designator: Old Designator=LED? New Designator=LED9
Change Component Designator: Old Designator=LED? New Designator=LED10
Change Component Designator: Old Designator=RN? New Designator=RN1
