Change Component Designator: Old Designator=IC1 New Designator=IC2
Change Component Designator: Old Designator=IC2 New Designator=IC1
Change Component Designator: Old Designator=JP8 New Designator=JP1
Change Component Designator: Old Designator=JP8 New Designator=JP2
Change Component Designator: Old Designator=JP8 New Designator=JP3
Change Component Designator: Old Designator=JP8 New Designator=JP5
Change Component Designator: Old Designator=JP8 New Designator=JP6
Change Component Designator: Old Designator=JP8 New Designator=JP9
Change Component Designator: Old Designator=JP8 New Designator=JP11
Change Component Designator: Old Designator=JP8 New Designator=JP12
Change Component Designator: Old Designator=JP8 New Designator=JP13
Change Component Designator: Old Designator=JP9 New Designator=JP4
Change Component Designator: Old Designator=JP10 New Designator=JP7
Change Component Designator: Old Designator=JP11 New Designator=JP10
Change Component Designator: Old Designator=LED10 New Designator=LED1
Change Component Designator: Old Designator=LED11 New Designator=LED2
Change Component Designator: Old Designator=LED12 New Designator=LED3
Change Component Designator: Old Designator=LED13 New Designator=LED4
Change Component Designator: Old Designator=LED14 New Designator=LED5
Change Component Designator: Old Designator=LED15 New Designator=LED6
Change Component Designator: Old Designator=LED16 New Designator=LED7
Change Component Designator: Old Designator=LED17 New Designator=LED8
Change Component Designator: Old Designator=LED18 New Designator=LED9
Change Component Designator: Old Designator=LED19 New Designator=LED10
Change Component Designator: Old Designator=LED20 New Designator=LED11
Change Component Designator: Old Designator=LED21 New Designator=LED12
Change Component Designator: Old Designator=LED22 New Designator=LED13
Change Component Designator: Old Designator=LED23 New Designator=LED14
Change Component Designator: Old Designator=LED24 New Designator=LED15
Change Component Designator: Old Designator=LED25 New Designator=LED16
Change Component Designator: Old Designator=LED26 New Designator=LED17
Change Component Designator: Old Designator=R10 New Designator=R1
Change Component Designator: Old Designator=R11 New Designator=R2
Change Component Designator: Old Designator=R12 New Designator=R3
Change Component Designator: Old Designator=R13 New Designator=R4
Change Component Designator: Old Designator=R14 New Designator=R5
Change Component Designator: Old Designator=R15 New Designator=R6
Change Component Designator: Old Designator=R16 New Designator=R7
Change Component Designator: Old Designator=R17 New Designator=R8
Change Component Designator: Old Designator=R18 New Designator=R9
Change Component Designator: Old Designator=R19 New Designator=R10
Change Component Designator: Old Designator=R20 New Designator=R11
Change Component Designator: Old Designator=R21 New Designator=R12
Change Component Designator: Old Designator=R22 New Designator=R13
Change Component Designator: Old Designator=R23 New Designator=R14
Change Component Designator: Old Designator=R24 New Designator=R15
Change Component Designator: Old Designator=R25 New Designator=R16
Change Component Designator: Old Designator=R26 New Designator=R17
Change Component Designator: Old Designator=U10 New Designator=U1
Change Component Designator: Old Designator=U11 New Designator=U2
Change Component Designator: Old Designator=U12 New Designator=U3
Change Component Designator: Old Designator=U13 New Designator=U4
Change Component Designator: Old Designator=U14 New Designator=U5
Change Component Designator: Old Designator=U15 New Designator=U6
Change Component Designator: Old Designator=U16 New Designator=U7
Change Component Designator: Old Designator=U17 New Designator=U8
Change Component Designator: Old Designator=U18 New Designator=U9
Change Component Designator: Old Designator=U19 New Designator=U10
Change Component Designator: Old Designator=U20 New Designator=U11
Change Component Designator: Old Designator=U21 New Designator=U12
Change Component Designator: Old Designator=U22 New Designator=U13
Change Component Designator: Old Designator=U23 New Designator=U14
Change Component Designator: Old Designator=U24 New Designator=U15
Change Component Designator: Old Designator=U25 New Designator=U16
Change Component Designator: Old Designator=U26 New Designator=U17
