Change Component Designator: Old Designator=1 New Designator=?
Change Component Designator: Old Designator=C1 New Designator=C?
Change Component Designator: Old Designator=C2 New Designator=C?
Change Component Designator: Old Designator=C3 New Designator=C?
Change Component Designator: Old Designator=C4 New Designator=C?
Change Component Designator: Old Designator=C5 New Designator=C?
Change Component Designator: Old Designator=C6 New Designator=C?
Change Component Designator: Old Designator=C7 New Designator=C?
Change Component Designator: Old Designator=CONTROL_CUTTING1 New Designator=CONTROL_CUTTING?
Change Component Designator: Old Designator=D1 New Designator=D?
Change Component Designator: Old Designator=D2 New Designator=D?
Change Component Designator: Old Designator=D3 New Designator=D?
Change Component Designator: Old Designator=D4 New Designator=D?
Change Component Designator: Old Designator=IC1 New Designator=IC?
Change Component Designator: Old Designator=JP1 New Designator=JP?
Change Component Designator: Old Designator=JP1 New Designator=JP?
Change Component Designator: Old Designator=JP2 New Designator=JP?
Change Component Designator: Old Designator=JP3 New Designator=JP?
Change Component Designator: Old Designator=JP4 New Designator=JP?
Change Component Designator: Old Designator=JP4 New Designator=JP?
Change Component Designator: Old Designator=JP5 New Designator=JP?
Change Component Designator: Old Designator=JP6 New Designator=JP?
Change Component Designator: Old Designator=JP8 New Designator=JP?
Change Component Designator: Old Designator=JP10 New Designator=JP?
Change Component Designator: Old Designator=JP11 New Designator=JP?
Change Component Designator: Old Designator=JP12 New Designator=JP?
Change Component Designator: Old Designator=JP13 New Designator=JP?
Change Component Designator: Old Designator=JP14 New Designator=JP?
Change Component Designator: Old Designator=JP15 New Designator=JP?
Change Component Designator: Old Designator=JP16 New Designator=JP?
Change Component Designator: Old Designator=JP17 New Designator=JP?
Change Component Designator: Old Designator=JP18 New Designator=JP?
Change Component Designator: Old Designator=JP19 New Designator=JP?
Change Component Designator: Old Designator=JP20 New Designator=JP?
Change Component Designator: Old Designator=JP21 New Designator=JP?
Change Component Designator: Old Designator=JP22 New Designator=JP?
Change Component Designator: Old Designator=JP23 New Designator=JP?
Change Component Designator: Old Designator=L1 New Designator=L?
Change Component Designator: Old Designator=LED1 New Designator=LED?
Change Component Designator: Old Designator=LED2 New Designator=LED?
Change Component Designator: Old Designator=LED3 New Designator=LED?
Change Component Designator: Old Designator=LED4 New Designator=LED?
Change Component Designator: Old Designator=LED5 New Designator=LED?
Change Component Designator: Old Designator=LED6 New Designator=LED?
Change Component Designator: Old Designator=LED7 New Designator=LED?
Change Component Designator: Old Designator=LED8 New Designator=LED?
Change Component Designator: Old Designator=LED9 New Designator=LED?
Change Component Designator: Old Designator=LED10 New Designator=LED?
Change Component Designator: Old Designator=LED11 New Designator=LED?
Change Component Designator: Old Designator=LED12 New Designator=LED?
Change Component Designator: Old Designator=LED13 New Designator=LED?
Change Component Designator: Old Designator=LED14 New Designator=LED?
Change Component Designator: Old Designator=LED15 New Designator=LED?
Change Component Designator: Old Designator=LED16 New Designator=LED?
Change Component Designator: Old Designator=LED17 New Designator=LED?
Change Component Designator: Old Designator=LED18 New Designator=LED?
Change Component Designator: Old Designator=LED19 New Designator=LED?
Change Component Designator: Old Designator=LED20 New Designator=LED?
Change Component Designator: Old Designator=LED21 New Designator=LED?
Change Component Designator: Old Designator=LED22 New Designator=LED?
Change Component Designator: Old Designator=LED23 New Designator=LED?
Change Component Designator: Old Designator=LED24 New Designator=LED?
Change Component Designator: Old Designator=LED25 New Designator=LED?
Change Component Designator: Old Designator=LED26 New Designator=LED?
Change Component Designator: Old Designator=PK1 New Designator=PK?
Change Component Designator: Old Designator=R1 New Designator=R?
Change Component Designator: Old Designator=R2 New Designator=R?
Change Component Designator: Old Designator=R3 New Designator=R?
Change Component Designator: Old Designator=R4 New Designator=R?
Change Component Designator: Old Designator=R5 New Designator=R?
Change Component Designator: Old Designator=R6 New Designator=R?
Change Component Designator: Old Designator=R7 New Designator=R?
Change Component Designator: Old Designator=R8 New Designator=R?
Change Component Designator: Old Designator=R9 New Designator=R?
Change Component Designator: Old Designator=R10 New Designator=R?
Change Component Designator: Old Designator=R11 New Designator=R?
Change Component Designator: Old Designator=R12 New Designator=R?
Change Component Designator: Old Designator=R13 New Designator=R?
Change Component Designator: Old Designator=R14 New Designator=R?
Change Component Designator: Old Designator=R15 New Designator=R?
Change Component Designator: Old Designator=R16 New Designator=R?
Change Component Designator: Old Designator=R17 New Designator=R?
Change Component Designator: Old Designator=R18 New Designator=R?
Change Component Designator: Old Designator=RN1 New Designator=RN?
Change Component Designator: Old Designator=RN2 New Designator=RN?
Change Component Designator: Old Designator=RN3 New Designator=RN?
Change Component Designator: Old Designator=S1 New Designator=S?
Change Component Designator: Old Designator=U1 New Designator=U?
Change Component Designator: Old Designator=U1 New Designator=U?
Change Component Part ID : Designator=U? Old Part ID =2 New Part ID =1
Change Component Designator: Old Designator=U1 New Designator=U?
Change Component Part ID : Designator=U? Old Part ID =3 New Part ID =2
Change Component Designator: Old Designator=U1 New Designator=U?
Change Component Part ID : Designator=U? Old Part ID =4 New Part ID =2
Change Component Designator: Old Designator=U2 New Designator=U?
Change Component Part ID : Designator=U? Old Part ID =1 New Part ID =3
Change Component Designator: Old Designator=U2 New Designator=U?
Change Component Part ID : Designator=U? Old Part ID =2 New Part ID =3
Change Component Designator: Old Designator=U2 New Designator=U?
Change Component Part ID : Designator=U? Old Part ID =3 New Part ID =4
Change Component Designator: Old Designator=U2 New Designator=U?
Change Component Designator: Old Designator=U3 New Designator=U?
Change Component Designator: Old Designator=U3 New Designator=U?
Change Component Part ID : Designator=U? Old Part ID =2 New Part ID =1
Change Component Designator: Old Designator=U3 New Designator=U?
Change Component Part ID : Designator=U? Old Part ID =3 New Part ID =2
Change Component Designator: Old Designator=U3 New Designator=U?
Change Component Part ID : Designator=U? Old Part ID =4 New Part ID =2
Change Component Designator: Old Designator=U4 New Designator=U?
Change Component Part ID : Designator=U? Old Part ID =1 New Part ID =3
Change Component Designator: Old Designator=U4 New Designator=U?
Change Component Part ID : Designator=U? Old Part ID =2 New Part ID =3
Change Component Designator: Old Designator=U4 New Designator=U?
Change Component Part ID : Designator=U? Old Part ID =3 New Part ID =4
Change Component Designator: Old Designator=U4 New Designator=U?
Change Component Designator: Old Designator=U5 New Designator=U?
Change Component Designator: Old Designator=VIT1 New Designator=VIT?
Change Component Designator: Old Designator=VIT2 New Designator=VIT?
Change Component Designator: Old Designator=VIT3 New Designator=VIT?
Change Component Designator: Old Designator=VIT4 New Designator=VIT?
Change Component Designator: Old Designator=X1 New Designator=X?
