Change Component Designator: Old Designator=A01 New Designator=A1
Change Component Designator: Old Designator=A23 New Designator=A2
Change Component Designator: Old Designator=A45 New Designator=A3
Change Component Designator: Old Designator=B01 New Designator=B1
Change Component Designator: Old Designator=B23 New Designator=B2
Change Component Designator: Old Designator=B45 New Designator=B3
Change Component Designator: Old Designator=B67 New Designator=B4
Change Component Designator: Old Designator=C5 New Designator=C7
Change Component Designator: Old Designator=C6 New Designator=C8
Change Component Designator: Old Designator=C7 New Designator=C9
Change Component Designator: Old Designator=C? New Designator=C5
Change Component Designator: Old Designator=C? New Designator=C6
Change Component Designator: Old Designator=D01 New Designator=D5
Change Component Designator: Old Designator=D23 New Designator=D6
Change Component Designator: Old Designator=D45 New Designator=D7
Change Component Designator: Old Designator=D67 New Designator=D8
Change Component Designator: Old Designator=DIO? New Designator=DIO1
Change Component Designator: Old Designator=E01 New Designator=E1
Change Component Designator: Old Designator=E23 New Designator=E2
Change Component Designator: Old Designator=E45 New Designator=E3
Change Component Designator: Old Designator=E67 New Designator=E4
Change Component Designator: Old Designator=I2C New Designator=I1
Change Component Designator: Old Designator=JP15 New Designator=JP1
Change Component Designator: Old Designator=JP16 New Designator=JP2
Change Component Designator: Old Designator=JP17 New Designator=JP3
Change Component Designator: Old Designator=JP18 New Designator=JP4
Change Component Designator: Old Designator=JP19 New Designator=JP5
Change Component Designator: Old Designator=JP20 New Designator=JP6
Change Component Designator: Old Designator=JP21 New Designator=JP7
Change Component Designator: Old Designator=JP22 New Designator=JP8
Change Component Designator: Old Designator=LED1 New Designator=LED17
Change Component Designator: Old Designator=LED1 New Designator=LED21
Change Component Designator: Old Designator=LED1 New Designator=LED25
Change Component Designator: Old Designator=LED2 New Designator=LED18
Change Component Designator: Old Designator=LED2 New Designator=LED22
Change Component Designator: Old Designator=LED2 New Designator=LED26
Change Component Designator: Old Designator=LED3 New Designator=LED19
Change Component Designator: Old Designator=LED3 New Designator=LED23
Change Component Designator: Old Designator=LED3 New Designator=LED27
Change Component Designator: Old Designator=LED3 New Designator=LED29
Change Component Designator: Old Designator=LED4 New Designator=LED20
Change Component Designator: Old Designator=LED4 New Designator=LED24
Change Component Designator: Old Designator=LED4 New Designator=LED28
Change Component Designator: Old Designator=LED4 New Designator=LED30
Change Component Designator: Old Designator=LED17 New Designator=LED31
Change Component Designator: Old Designator=LED18 New Designator=LED40
Change Component Designator: Old Designator=LED20 New Designator=LED32
Change Component Designator: Old Designator=LED20 New Designator=LED33
Change Component Designator: Old Designator=LED21 New Designator=LED34
Change Component Designator: Old Designator=LED22 New Designator=LED35
Change Component Designator: Old Designator=LED23 New Designator=LED36
Change Component Designator: Old Designator=LED24 New Designator=LED37
Change Component Designator: Old Designator=LED25 New Designator=LED38
Change Component Designator: Old Designator=LED26 New Designator=LED39
Change Component Designator: Old Designator=POW New Designator=POW1
Change Component Designator: Old Designator=R1 New Designator=R17
Change Component Designator: Old Designator=R1 New Designator=R21
Change Component Designator: Old Designator=R1 New Designator=R25
Change Component Designator: Old Designator=R2 New Designator=R18
Change Component Designator: Old Designator=R2 New Designator=R22
Change Component Designator: Old Designator=R2 New Designator=R26
Change Component Designator: Old Designator=R3 New Designator=R19
Change Component Designator: Old Designator=R3 New Designator=R23
Change Component Designator: Old Designator=R3 New Designator=R27
Change Component Designator: Old Designator=R3 New Designator=R29
Change Component Designator: Old Designator=R4 New Designator=R20
Change Component Designator: Old Designator=R4 New Designator=R24
Change Component Designator: Old Designator=R4 New Designator=R28
Change Component Designator: Old Designator=R4 New Designator=R30
Change Component Designator: Old Designator=R17 New Designator=R31
Change Component Designator: Old Designator=R18 New Designator=R32
Change Component Designator: Old Designator=RI2C1 New Designator=RI1
Change Component Designator: Old Designator=RI2C2 New Designator=RI2
Change Component Designator: Old Designator=SPI New Designator=SPI1
Change Component Designator: Old Designator=U3 New Designator=U5
Change Component Designator: Old Designator=U? New Designator=U1
Change Component Designator: Old Designator=U? New Designator=U2
Change Component Designator: Old Designator=U? New Designator=U3
Change Component Designator: Old Designator=U? New Designator=U4
Change Component Designator: Old Designator=U? New Designator=U6
Change Component Part ID : Designator=U6 Old Part ID =1 New Part ID =2
Change Component Designator: Old Designator=U? New Designator=U7
Change Component Designator: Old Designator=U? New Designator=U8
Change Component Designator: Old Designator=U? New Designator=U9
Change Component Designator: Old Designator=U? New Designator=U1
Change Component Designator: Old Designator=U? New Designator=U2
Change Component Designator: Old Designator=U? New Designator=U3
Change Component Designator: Old Designator=U? New Designator=U4
Change Component Designator: Old Designator=U? New Designator=U6
Change Component Part ID : Designator=U6 Old Part ID =2 New Part ID =1
Change Component Designator: Old Designator=U? New Designator=U7
Change Component Designator: Old Designator=U? New Designator=U8
Change Component Designator: Old Designator=U? New Designator=U9
Change Component Designator: Old Designator=U? New Designator=U1
Change Component Designator: Old Designator=U? New Designator=U2
Change Component Designator: Old Designator=U? New Designator=U3
Change Component Designator: Old Designator=U? New Designator=U4
Change Component Designator: Old Designator=U? New Designator=U7
Change Component Designator: Old Designator=U? New Designator=U8
Change Component Designator: Old Designator=U? New Designator=U9
Change Component Designator: Old Designator=U? New Designator=U1
Change Component Designator: Old Designator=U? New Designator=U2
Change Component Designator: Old Designator=U? New Designator=U3
Change Component Designator: Old Designator=U? New Designator=U4
Change Component Designator: Old Designator=U? New Designator=U7
Change Component Designator: Old Designator=U? New Designator=U8
Change Component Designator: Old Designator=U? New Designator=U9
Change Component Designator: Old Designator=U? New Designator=U10
Change Component Designator: Old Designator=UART New Designator=UART1
Change Component Designator: Old Designator=X? New Designator=X1
