Added Net: Name=+5V
Added Net: Name=+24V
Added Net: Name=A0
Added Net: Name=A1
Added Net: Name=A2
Added Net: Name=A3
Added Net: Name=A4
Added Net: Name=A5
Added Net: Name=B0
Added Net: Name=B1
Added Net: Name=B2
Added Net: Name=B3
Added Net: Name=B4
Added Net: Name=B5
Added Net: Name=B6
Added Net: Name=B7
Added Net: Name=C0
Added Net: Name=C1
Added Net: Name=C2
Added Net: Name=C3
Added Net: Name=C4
Added Net: Name=C5
Added Net: Name=C6
Added Net: Name=C7
Added Net: Name=COMB
Added Net: Name=COMEA
Added Net: Name=D0
Added Net: Name=D1
Added Net: Name=D2
Added Net: Name=D3
Added Net: Name=D4
Added Net: Name=D5
Added Net: Name=D6
Added Net: Name=D7
Added Net: Name=E0
Added Net: Name=E1
Added Net: Name=E2
Added Net: Name=GND
Added Net: Name=IN1_D0
Added Net: Name=IN1_E0
Added Net: Name=IN2_D1
Added Net: Name=IN2_E1
Added Net: Name=IN3_D2
Added Net: Name=IN3_E2
Added Net: Name=IN4_A0
Added Net: Name=IN4_D3
Added Net: Name=IN5_A1
Added Net: Name=IN5_D4
Added Net: Name=IN6_A2
Added Net: Name=IN6_D5
Added Net: Name=IN7_A3
Added Net: Name=IN7_D6
Added Net: Name=IN8_A4
Added Net: Name=IN8_A5
Added Net: Name=IN8_D7
Added Net: Name=NetC2_1
Added Net: Name=NetIC1_7
Added Net: Name=NetIC1_8
Added Net: Name=NetLED1_1
Added Net: Name=NetLED1_2
Added Net: Name=NetLED2_1
Added Net: Name=NetLED2_2
Added Net: Name=NetLED3_1
Added Net: Name=NetLED3_2
Added Net: Name=NetLED4_1
Added Net: Name=NetLED4_2
Added Net: Name=NetLED5_1
Added Net: Name=NetLED5_2
Added Net: Name=NetLED6_1
Added Net: Name=NetLED6_2
Added Net: Name=NetLED7_1
Added Net: Name=NetLED7_2
Added Net: Name=NetLED8_1
Added Net: Name=NetLED8_2
Added Net: Name=NetLED9_1
Added Net: Name=NetLED9_2
Added Net: Name=NetLED10_1
Added Net: Name=NetLED10_2
Added Net: Name=NetLED11_1
Added Net: Name=NetLED11_2
Added Net: Name=NetLED12_1
Added Net: Name=NetLED12_2
Added Net: Name=NetLED13_1
Added Net: Name=NetLED13_2
Added Net: Name=NetLED14_1
Added Net: Name=NetLED14_2
Added Net: Name=NetLED15_1
Added Net: Name=NetLED15_2
Added Net: Name=NetLED16_1
Added Net: Name=NetLED16_2
Added Net: Name=NetLED17_1
Added Net: Name=NetLED17_2
Added Net: Name=OSC1
Added Net: Name=OSC2
Added Net: Name=OUT1_B0
Added Net: Name=OUT1_E0
Added Net: Name=OUT2_B1
Added Net: Name=OUT2_E1
Added Net: Name=OUT3_A0
Added Net: Name=OUT3_B2
Added Net: Name=OUT4_A1
Added Net: Name=OUT4_B3
Added Net: Name=OUT5_A2
Added Net: Name=OUT5_B4
Added Net: Name=OUT6_A4
Added Net: Name=OUT6_B5
Added Net: Name=OUT7_A5
Added Net: Name=OUT7_B6
Added Net: Name=OUT8_A6
Added Net: Name=OUT8_B7
Added Net: Name=RESET
Added Class: Name=MAINCUTTING
Added Room: Name=MAINCUTTING
