Removed Pin From Net: NetName=F0 Pin=IC1-1
Removed Pin From Net: NetName=F1 Pin=IC1-2
Removed Pin From Net: NetName=F2 Pin=IC1-3
Removed Pin From Net: NetName=F3 Pin=IC1-4
Removed Pin From Net: NetName=F4 Pin=IC1-5
Removed Pin From Net: NetName=F5 Pin=IC1-6
Removed Pin From Net: NetName=F6 Pin=IC1-7
Removed Pin From Net: NetName=F7 Pin=IC1-8
Removed Pin From Net: NetName=GND Pin=IC1-9
Removed Pin From Net: NetName=+24V Pin=IC1-10
Removed Pin From Net: NetName=OF7 Pin=IC1-11
Removed Pin From Net: NetName=OF6 Pin=IC1-12
Removed Pin From Net: NetName=OF5 Pin=IC1-13
Removed Pin From Net: NetName=OF4 Pin=IC1-14
Removed Pin From Net: NetName=OF3 Pin=IC1-15
Removed Pin From Net: NetName=OF2 Pin=IC1-16
Removed Pin From Net: NetName=OF1 Pin=IC1-17
Removed Pin From Net: NetName=OF0 Pin=IC1-18
Removed Pin From Net: NetName=G0 Pin=IC2-1
Removed Pin From Net: NetName=G1 Pin=IC2-2
Removed Pin From Net: NetName=G2 Pin=IC2-3
Removed Pin From Net: NetName=G3 Pin=IC2-4
Removed Pin From Net: NetName=G4 Pin=IC2-5
Removed Pin From Net: NetName=GND Pin=IC2-9
Removed Pin From Net: NetName=+24V Pin=IC2-10
Removed Pin From Net: NetName=OG4 Pin=IC2-14
Removed Pin From Net: NetName=OG3 Pin=IC2-15
Removed Pin From Net: NetName=OG2 Pin=IC2-16
Removed Pin From Net: NetName=OG1 Pin=IC2-17
Removed Pin From Net: NetName=OG0 Pin=IC2-18
Removed Member From Class: ClassName=MAINCUTTING Member=IC1
Removed Member From Class: ClassName=MAINCUTTING Member=IC2
Added Component: Designator=U11(DIP18)
Added Component: Designator=U12(DIP18)
Added Pin To Net: NetName=F0 Pin=U11-1
Added Pin To Net: NetName=F1 Pin=U11-2
Added Pin To Net: NetName=F2 Pin=U11-3
Added Pin To Net: NetName=F3 Pin=U11-4
Added Pin To Net: NetName=F4 Pin=U11-5
Added Pin To Net: NetName=F5 Pin=U11-6
Added Pin To Net: NetName=F6 Pin=U11-7
Added Pin To Net: NetName=F7 Pin=U11-8
Added Pin To Net: NetName=GND Pin=U11-9
Added Pin To Net: NetName=+24V Pin=U11-10
Added Pin To Net: NetName=OF7 Pin=U11-11
Added Pin To Net: NetName=OF6 Pin=U11-12
Added Pin To Net: NetName=OF5 Pin=U11-13
Added Pin To Net: NetName=OF4 Pin=U11-14
Added Pin To Net: NetName=OF3 Pin=U11-15
Added Pin To Net: NetName=OF2 Pin=U11-16
Added Pin To Net: NetName=OF1 Pin=U11-17
Added Pin To Net: NetName=OF0 Pin=U11-18
Added Pin To Net: NetName=G0 Pin=U12-1
Added Pin To Net: NetName=G1 Pin=U12-2
Added Pin To Net: NetName=G2 Pin=U12-3
Added Pin To Net: NetName=G3 Pin=U12-4
Added Pin To Net: NetName=G4 Pin=U12-5
Added Pin To Net: NetName=GND Pin=U12-9
Added Pin To Net: NetName=+24V Pin=U12-10
Added Pin To Net: NetName=OG4 Pin=U12-14
Added Pin To Net: NetName=OG3 Pin=U12-15
Added Pin To Net: NetName=OG2 Pin=U12-16
Added Pin To Net: NetName=OG1 Pin=U12-17
Added Pin To Net: NetName=OG0 Pin=U12-18
Added Member To Class: ClassName=MAINCUTTING Member=Component U11 ULN2803A
Added Member To Class: ClassName=MAINCUTTING Member=Component U12 ULN2803A
