Added Component: Designator=1(D1A)
Added Component: Designator=C1(CN1)
Added Component: Designator=C2(CN1)
Added Component: Designator=C3(CP1.5/3.4)
Added Component: Designator=C4(CP1.5/3.4)
Added Component: Designator=C5(CN2)
Added Component: Designator=C6(CN2)
Added Component: Designator=C7(CN1.5)
Added Component: Designator=CONTROL_CUTTING1(DIP40/W0.6)
Added Component: Designator=D1(D5AN)
Added Component: Designator=D2(D5AN)
Added Component: Designator=D3(D5AN)
Added Component: Designator=D4(D5AN)
Added Component: Designator=IC1(DIP18/W0.3)
Added Component: Designator=JP1(CON2)
Added Component: Designator=JP2(CON2)
Added Component: Designator=JP3(CON2)
Added Component: Designator=JP4(CON2)
Added Component: Designator=JP5(CON2)
Added Component: Designator=JP6(CON2)
Added Component: Designator=JP7(CON2)
Added Component: Designator=JP8(CON2)
Added Component: Designator=JP9(CON2)
Added Component: Designator=JP10(CON2)
Added Component: Designator=JP11(CON2)
Added Component: Designator=JP12(CON2)
Added Component: Designator=JP13(CON2)
Added Component: Designator=JP14(CON2)
Added Component: Designator=JP15(CON2)
Added Component: Designator=JP16(CON2)
Added Component: Designator=JP17(CON2)
Added Component: Designator=JP18(CON2)
Added Component: Designator=JP19(HED2)
Added Component: Designator=JP20(HED2)
Added Component: Designator=JP21(HED2)
Added Component: Designator=JP22(HED2)
Added Component: Designator=JP23(HED2)
Added Component: Designator=L1(L/0.4)
Added Component: Designator=LED1(SM-LED-1206-Blue)
Added Component: Designator=LED2(SM-LED-1206-Blue)
Added Component: Designator=LED3(SM-LED-1206-Blue)
Added Component: Designator=LED4(SM-LED-1206-Blue)
Added Component: Designator=LED5(SM-LED-1206-Blue)
Added Component: Designator=LED6(SM-LED-1206-Blue)
Added Component: Designator=LED7(SM-LED-1206-Blue)
Added Component: Designator=LED8(SM-LED-1206-Blue)
Added Component: Designator=LED9(SM-LED-1206-Blue)
Added Component: Designator=LED10(SM-LED-1206-Blue)
Added Component: Designator=LED11(SM-LED-1206-Blue)
Added Component: Designator=LED12(SM-LED-1206-Blue)
Added Component: Designator=LED13(SM-LED-1206-Blue)
Added Component: Designator=LED14(SM-LED-1206-Blue)
Added Component: Designator=LED15(SM-LED-1206-Blue)
Added Component: Designator=LED16(SM-LED-1206-Blue)
Added Component: Designator=LED17(SM-LED-1206-Blue)
Added Component: Designator=LED18(SM-LED-0805-Blue)
Added Component: Designator=LED19(SM-LED-1206-Blue)
Added Component: Designator=LED20(SM-LED-1206-Blue)
Added Component: Designator=LED21(SM-LED-1206-Blue)
Added Component: Designator=LED22(SM-LED-1206-Blue)
Added Component: Designator=LED23(SM-LED-1206-Blue)
Added Component: Designator=LED24(SM-LED-1206-Blue)
Added Component: Designator=LED25(SM-LED-1206-Blue)
Added Component: Designator=LED26(SM-LED-1206-Blue)
Added Component: Designator=PK1(JP5)
Added Component: Designator=R1(SM-RES-1206)
Added Component: Designator=R2(SM-RES-1206)
Added Component: Designator=R3(SM-RES-1206)
Added Component: Designator=R4(SM-RES-1206)
Added Component: Designator=R5(SM-RES-1206)
Added Component: Designator=R6(SM-RES-1206)
Added Component: Designator=R7(SM-RES-1206)
Added Component: Designator=R8(SM-RES-1206)
Added Component: Designator=R9(SM-RES-1206)
Added Component: Designator=R10(SM-RES-1206)
Added Component: Designator=R11(SM-RES-1206)
Added Component: Designator=R12(SM-RES-1206)
Added Component: Designator=R13(SM-RES-1206)
Added Component: Designator=R14(SM-RES-1206)
Added Component: Designator=R15(SM-RES-1206)
Added Component: Designator=R16(SM-RES-1206)
Added Component: Designator=R17(SM-RES-1206)
Added Component: Designator=R18(R1/4W1)
Added Component: Designator=RN1(RN8)
Added Component: Designator=RN2(RN8)
Added Component: Designator=RN3(RN8)
Added Component: Designator=S1(SW-DIP2)
Added Component: Designator=U1(DIP16/W0.3)
Added Component: Designator=U2(DIP16/W0.3)
Added Component: Designator=U3(TO263)
Added Component: Designator=U4(DIP16/W0.3)
Added Component: Designator=U5(DIP16/W0.3)
Added Component: Designator=VIT1(VIT)
Added Component: Designator=VIT2(VIT)
Added Component: Designator=VIT3(VIT)
Added Component: Designator=VIT4(VIT)
Added Component: Designator=X1(XT3)
Added Pin To Net: NetName=+5V Pin=C4-1
Added Pin To Net: NetName=+5V Pin=C5-2
Added Pin To Net: NetName=+5V Pin=C6-2
Added Pin To Net: NetName=+5V Pin=CONTROL_CUTTING1-11
Added Pin To Net: NetName=+5V Pin=CONTROL_CUTTING1-32
Added Pin To Net: NetName=+5V Pin=L1-2
Added Pin To Net: NetName=+5V Pin=PK1-2
Added Pin To Net: NetName=+5V Pin=R17-2
Added Pin To Net: NetName=+5V Pin=R18-2
Added Pin To Net: NetName=+5V Pin=RN1-1
Added Pin To Net: NetName=+5V Pin=RN2-1
Added Pin To Net: NetName=+5V Pin=U3-4
Added Net: Name=+5V
Added Pin To Net: NetName=+24V Pin=C3-1
Added Pin To Net: NetName=+24V Pin=D1-2
Added Pin To Net: NetName=+24V Pin=D3-2
Added Pin To Net: NetName=+24V Pin=U1-1
Added Pin To Net: NetName=+24V Pin=U1-3
Added Pin To Net: NetName=+24V Pin=U1-5
Added Pin To Net: NetName=+24V Pin=U1-7
Added Pin To Net: NetName=+24V Pin=U2-1
Added Pin To Net: NetName=+24V Pin=U2-3
Added Pin To Net: NetName=+24V Pin=U2-5
Added Pin To Net: NetName=+24V Pin=U2-7
Added Pin To Net: NetName=+24V Pin=U3-1
Added Pin To Net: NetName=+24V Pin=U4-1
Added Pin To Net: NetName=+24V Pin=U4-3
Added Pin To Net: NetName=+24V Pin=U4-5
Added Pin To Net: NetName=+24V Pin=U4-7
Added Pin To Net: NetName=+24V Pin=U5-1
Added Pin To Net: NetName=+24V Pin=U5-3
Added Pin To Net: NetName=+24V Pin=U5-5
Added Pin To Net: NetName=+24V Pin=U5-7
Added Net: Name=+24V
Added Pin To Net: NetName=A0 Pin=CONTROL_CUTTING1-2
Added Pin To Net: NetName=A0 Pin=RN2-4
Added Pin To Net: NetName=A0 Pin=U4-12
Added Net: Name=A0
Added Pin To Net: NetName=A1 Pin=CONTROL_CUTTING1-3
Added Pin To Net: NetName=A1 Pin=RN2-5
Added Pin To Net: NetName=A1 Pin=U4-10
Added Net: Name=A1
Added Pin To Net: NetName=A2 Pin=CONTROL_CUTTING1-4
Added Pin To Net: NetName=A2 Pin=RN2-6
Added Pin To Net: NetName=A2 Pin=U5-16
Added Net: Name=A2
Added Pin To Net: NetName=A3 Pin=CONTROL_CUTTING1-5
Added Pin To Net: NetName=A3 Pin=RN2-7
Added Pin To Net: NetName=A3 Pin=U5-14
Added Net: Name=A3
Added Pin To Net: NetName=A4 Pin=CONTROL_CUTTING1-6
Added Pin To Net: NetName=A4 Pin=RN2-8
Added Pin To Net: NetName=A4 Pin=U5-12
Added Net: Name=A4
Added Pin To Net: NetName=A5 Pin=CONTROL_CUTTING1-7
Added Pin To Net: NetName=A5 Pin=RN2-9
Added Pin To Net: NetName=A5 Pin=U5-10
Added Net: Name=A5
Added Pin To Net: NetName=B0 Pin=CONTROL_CUTTING1-33
Added Pin To Net: NetName=B0 Pin=RN1-2
Added Pin To Net: NetName=B0 Pin=U1-16
Added Net: Name=B0
Added Pin To Net: NetName=B1 Pin=CONTROL_CUTTING1-34
Added Pin To Net: NetName=B1 Pin=RN1-3
Added Pin To Net: NetName=B1 Pin=U1-14
Added Net: Name=B1
Added Pin To Net: NetName=B2 Pin=CONTROL_CUTTING1-35
Added Pin To Net: NetName=B2 Pin=RN1-4
Added Pin To Net: NetName=B2 Pin=U1-12
Added Net: Name=B2
Added Pin To Net: NetName=B3 Pin=CONTROL_CUTTING1-36
Added Pin To Net: NetName=B3 Pin=RN1-5
Added Pin To Net: NetName=B3 Pin=U1-10
Added Net: Name=B3
Added Pin To Net: NetName=B4 Pin=CONTROL_CUTTING1-37
Added Pin To Net: NetName=B4 Pin=RN1-6
Added Pin To Net: NetName=B4 Pin=U2-16
Added Net: Name=B4
Added Pin To Net: NetName=B5 Pin=CONTROL_CUTTING1-38
Added Pin To Net: NetName=B5 Pin=RN1-7
Added Pin To Net: NetName=B5 Pin=U2-14
Added Net: Name=B5
Added Pin To Net: NetName=B6 Pin=CONTROL_CUTTING1-39
Added Pin To Net: NetName=B6 Pin=PK1-5
Added Pin To Net: NetName=B6 Pin=RN1-8
Added Pin To Net: NetName=B6 Pin=S1-4
Added Net: Name=B6
Added Pin To Net: NetName=B7 Pin=CONTROL_CUTTING1-40
Added Pin To Net: NetName=B7 Pin=PK1-4
Added Pin To Net: NetName=B7 Pin=RN1-9
Added Pin To Net: NetName=B7 Pin=S1-3
Added Net: Name=B7
Added Pin To Net: NetName=C0 Pin=CONTROL_CUTTING1-15
Added Pin To Net: NetName=C0 Pin=JP1-1
Added Pin To Net: NetName=C0 Pin=JP15-1
Added Net: Name=C0
Added Pin To Net: NetName=C1 Pin=CONTROL_CUTTING1-16
Added Pin To Net: NetName=C1 Pin=JP1-2
Added Pin To Net: NetName=C1 Pin=JP15-2
Added Net: Name=C1
Added Pin To Net: NetName=C2 Pin=CONTROL_CUTTING1-17
Added Pin To Net: NetName=C2 Pin=JP2-1
Added Pin To Net: NetName=C2 Pin=JP16-1
Added Net: Name=C2
Added Pin To Net: NetName=C3 Pin=CONTROL_CUTTING1-18
Added Pin To Net: NetName=C3 Pin=JP2-2
Added Pin To Net: NetName=C3 Pin=JP16-2
Added Net: Name=C3
Added Pin To Net: NetName=C4 Pin=CONTROL_CUTTING1-23
Added Pin To Net: NetName=C4 Pin=JP3-1
Added Pin To Net: NetName=C4 Pin=JP17-1
Added Net: Name=C4
Added Pin To Net: NetName=C5 Pin=CONTROL_CUTTING1-24
Added Pin To Net: NetName=C5 Pin=JP3-2
Added Pin To Net: NetName=C5 Pin=JP17-2
Added Net: Name=C5
Added Pin To Net: NetName=C6 Pin=CONTROL_CUTTING1-25
Added Pin To Net: NetName=C6 Pin=JP4-1
Added Pin To Net: NetName=C6 Pin=JP18-1
Added Net: Name=C6
Added Pin To Net: NetName=C7 Pin=CONTROL_CUTTING1-26
Added Pin To Net: NetName=C7 Pin=JP4-2
Added Pin To Net: NetName=C7 Pin=JP18-2
Added Net: Name=C7
Added Pin To Net: NetName=COMB Pin=IC1-10
Added Pin To Net: NetName=COMB Pin=JP23-1
Added Pin To Net: NetName=COMB Pin=RN3-1
Added Net: Name=COMB
Added Pin To Net: NetName=D0 Pin=CONTROL_CUTTING1-19
Added Pin To Net: NetName=D0 Pin=IC1-1
Added Net: Name=D0
Added Pin To Net: NetName=D1 Pin=CONTROL_CUTTING1-20
Added Pin To Net: NetName=D1 Pin=IC1-2
Added Net: Name=D1
Added Pin To Net: NetName=D2 Pin=CONTROL_CUTTING1-21
Added Pin To Net: NetName=D2 Pin=IC1-3
Added Net: Name=D2
Added Pin To Net: NetName=D3 Pin=CONTROL_CUTTING1-22
Added Pin To Net: NetName=D3 Pin=IC1-4
Added Net: Name=D3
Added Pin To Net: NetName=D4 Pin=CONTROL_CUTTING1-27
Added Pin To Net: NetName=D4 Pin=IC1-5
Added Net: Name=D4
Added Pin To Net: NetName=D5 Pin=CONTROL_CUTTING1-28
Added Pin To Net: NetName=D5 Pin=IC1-6
Added Net: Name=D5
Added Pin To Net: NetName=D6 Pin=CONTROL_CUTTING1-29
Added Pin To Net: NetName=D6 Pin=IC1-7
Added Net: Name=D6
Added Pin To Net: NetName=D7 Pin=CONTROL_CUTTING1-30
Added Pin To Net: NetName=D7 Pin=IC1-8
Added Net: Name=D7
Added Pin To Net: NetName=E0 Pin=CONTROL_CUTTING1-8
Added Pin To Net: NetName=E0 Pin=RN2-2
Added Pin To Net: NetName=E0 Pin=U4-16
Added Net: Name=E0
Added Pin To Net: NetName=E1 Pin=CONTROL_CUTTING1-9
Added Pin To Net: NetName=E1 Pin=RN2-3
Added Pin To Net: NetName=E1 Pin=U4-14
Added Net: Name=E1
Added Pin To Net: NetName=E2 Pin=CONTROL_CUTTING1-10
Added Pin To Net: NetName=E2 Pin=JP14-1
Added Net: Name=E2
Added Pin To Net: NetName=GND Pin=1-1
Added Pin To Net: NetName=GND Pin=C1-1
Added Pin To Net: NetName=GND Pin=C2-1
Added Pin To Net: NetName=GND Pin=C3-2
Added Pin To Net: NetName=GND Pin=C4-2
Added Pin To Net: NetName=GND Pin=C5-1
Added Pin To Net: NetName=GND Pin=C6-1
Added Pin To Net: NetName=GND Pin=C7-1
Added Pin To Net: NetName=GND Pin=CONTROL_CUTTING1-12
Added Pin To Net: NetName=GND Pin=CONTROL_CUTTING1-31
Added Pin To Net: NetName=GND Pin=D2-1
Added Pin To Net: NetName=GND Pin=D4-1
Added Pin To Net: NetName=GND Pin=IC1-9
Added Pin To Net: NetName=GND Pin=LED17-2
Added Pin To Net: NetName=GND Pin=LED18-2
Added Pin To Net: NetName=GND Pin=PK1-3
Added Pin To Net: NetName=GND Pin=U1-9
Added Pin To Net: NetName=GND Pin=U1-11
Added Pin To Net: NetName=GND Pin=U1-13
Added Pin To Net: NetName=GND Pin=U1-15
Added Pin To Net: NetName=GND Pin=U2-9
Added Pin To Net: NetName=GND Pin=U2-11
Added Pin To Net: NetName=GND Pin=U2-13
Added Pin To Net: NetName=GND Pin=U2-15
Added Pin To Net: NetName=GND Pin=U3-3
Added Pin To Net: NetName=GND Pin=U3-5
Added Pin To Net: NetName=GND Pin=U4-9
Added Pin To Net: NetName=GND Pin=U4-11
Added Pin To Net: NetName=GND Pin=U4-13
Added Pin To Net: NetName=GND Pin=U4-15
Added Pin To Net: NetName=GND Pin=U5-9
Added Pin To Net: NetName=GND Pin=U5-11
Added Pin To Net: NetName=GND Pin=U5-13
Added Pin To Net: NetName=GND Pin=U5-15
Added Net: Name=GND
Added Pin To Net: NetName=IN1B0 Pin=JP5-1
Added Pin To Net: NetName=IN1B0 Pin=R1-1
Added Net: Name=IN1B0
Added Pin To Net: NetName=IN2B1 Pin=JP5-2
Added Pin To Net: NetName=IN2B1 Pin=R2-1
Added Net: Name=IN2B1
Added Pin To Net: NetName=IN3B2 Pin=JP6-1
Added Pin To Net: NetName=IN3B2 Pin=R3-1
Added Net: Name=IN3B2
Added Pin To Net: NetName=IN4B3 Pin=JP6-2
Added Pin To Net: NetName=IN4B3 Pin=R4-1
Added Net: Name=IN4B3
Added Pin To Net: NetName=IN5B4 Pin=JP7-1
Added Pin To Net: NetName=IN5B4 Pin=R5-1
Added Net: Name=IN5B4
Added Pin To Net: NetName=IN6B5 Pin=JP7-2
Added Pin To Net: NetName=IN6B5 Pin=R6-1
Added Net: Name=IN6B5
Added Pin To Net: NetName=IN7B6 Pin=JP8-1
Added Pin To Net: NetName=IN7B6 Pin=R7-1
Added Net: Name=IN7B6
Added Pin To Net: NetName=IN8B7 Pin=JP8-2
Added Pin To Net: NetName=IN8B7 Pin=R8-1
Added Net: Name=IN8B7
Added Pin To Net: NetName=IN9E0 Pin=JP9-1
Added Pin To Net: NetName=IN9E0 Pin=R9-1
Added Net: Name=IN9E0
Added Pin To Net: NetName=IN10E1 Pin=JP9-2
Added Pin To Net: NetName=IN10E1 Pin=R10-1
Added Net: Name=IN10E1
Added Pin To Net: NetName=IN11A0 Pin=JP10-1
Added Pin To Net: NetName=IN11A0 Pin=R11-1
Added Net: Name=IN11A0
Added Pin To Net: NetName=IN12A1 Pin=JP10-2
Added Pin To Net: NetName=IN12A1 Pin=R12-1
Added Net: Name=IN12A1
Added Pin To Net: NetName=IN13A2 Pin=JP11-1
Added Pin To Net: NetName=IN13A2 Pin=R13-1
Added Net: Name=IN13A2
Added Pin To Net: NetName=IN14A3 Pin=JP11-2
Added Pin To Net: NetName=IN14A3 Pin=R14-1
Added Net: Name=IN14A3
Added Pin To Net: NetName=IN15A4 Pin=JP12-1
Added Pin To Net: NetName=IN15A4 Pin=R15-1
Added Net: Name=IN15A4
Added Pin To Net: NetName=IN16A5 Pin=JP12-2
Added Pin To Net: NetName=IN16A5 Pin=R16-1
Added Net: Name=IN16A5
Added Pin To Net: NetName=IN_B6 Pin=S1-1
Added Pin To Net: NetName=IN_B6 Pin=U2-12
Added Net: Name=IN_B6
Added Pin To Net: NetName=IN_B7 Pin=S1-2
Added Pin To Net: NetName=IN_B7 Pin=U2-10
Added Net: Name=IN_B7
Added Pin To Net: NetName=Net1_2 Pin=1-2
Added Pin To Net: NetName=Net1_2 Pin=L1-1
Added Pin To Net: NetName=Net1_2 Pin=U3-2
Added Net: Name=Net1_2
Added Pin To Net: NetName=NetLED1_1 Pin=LED1-1
Added Pin To Net: NetName=NetLED1_1 Pin=U1-2
Added Net: Name=NetLED1_1
Added Pin To Net: NetName=NetLED1_2 Pin=LED1-2
Added Pin To Net: NetName=NetLED1_2 Pin=R1-2
Added Net: Name=NetLED1_2
Added Pin To Net: NetName=NetLED2_1 Pin=LED2-1
Added Pin To Net: NetName=NetLED2_1 Pin=U1-4
Added Net: Name=NetLED2_1
Added Pin To Net: NetName=NetLED2_2 Pin=LED2-2
Added Pin To Net: NetName=NetLED2_2 Pin=R2-2
Added Net: Name=NetLED2_2
Added Pin To Net: NetName=NetLED3_1 Pin=LED3-1
Added Pin To Net: NetName=NetLED3_1 Pin=U1-6
Added Net: Name=NetLED3_1
Added Pin To Net: NetName=NetLED3_2 Pin=LED3-2
Added Pin To Net: NetName=NetLED3_2 Pin=R3-2
Added Net: Name=NetLED3_2
Added Pin To Net: NetName=NetLED4_1 Pin=LED4-1
Added Pin To Net: NetName=NetLED4_1 Pin=U1-8
Added Net: Name=NetLED4_1
Added Pin To Net: NetName=NetLED4_2 Pin=LED4-2
Added Pin To Net: NetName=NetLED4_2 Pin=R4-2
Added Net: Name=NetLED4_2
Added Pin To Net: NetName=NetLED5_1 Pin=LED5-1
Added Pin To Net: NetName=NetLED5_1 Pin=U2-2
Added Net: Name=NetLED5_1
Added Pin To Net: NetName=NetLED5_2 Pin=LED5-2
Added Pin To Net: NetName=NetLED5_2 Pin=R5-2
Added Net: Name=NetLED5_2
Added Pin To Net: NetName=NetLED6_1 Pin=LED6-1
Added Pin To Net: NetName=NetLED6_1 Pin=U2-4
Added Net: Name=NetLED6_1
Added Pin To Net: NetName=NetLED6_2 Pin=LED6-2
Added Pin To Net: NetName=NetLED6_2 Pin=R6-2
Added Net: Name=NetLED6_2
Added Pin To Net: NetName=NetLED7_1 Pin=LED7-1
Added Pin To Net: NetName=NetLED7_1 Pin=U2-6
Added Net: Name=NetLED7_1
Added Pin To Net: NetName=NetLED7_2 Pin=LED7-2
Added Pin To Net: NetName=NetLED7_2 Pin=R7-2
Added Net: Name=NetLED7_2
Added Pin To Net: NetName=NetLED8_1 Pin=LED8-1
Added Pin To Net: NetName=NetLED8_1 Pin=U2-8
Added Net: Name=NetLED8_1
Added Pin To Net: NetName=NetLED8_2 Pin=LED8-2
Added Pin To Net: NetName=NetLED8_2 Pin=R8-2
Added Net: Name=NetLED8_2
Added Pin To Net: NetName=NetLED9_1 Pin=LED9-1
Added Pin To Net: NetName=NetLED9_1 Pin=U4-2
Added Net: Name=NetLED9_1
Added Pin To Net: NetName=NetLED9_2 Pin=LED9-2
Added Pin To Net: NetName=NetLED9_2 Pin=R9-2
Added Net: Name=NetLED9_2
Added Pin To Net: NetName=NetLED10_1 Pin=LED10-1
Added Pin To Net: NetName=NetLED10_1 Pin=U4-4
Added Net: Name=NetLED10_1
Added Pin To Net: NetName=NetLED10_2 Pin=LED10-2
Added Pin To Net: NetName=NetLED10_2 Pin=R10-2
Added Net: Name=NetLED10_2
Added Pin To Net: NetName=NetLED11_1 Pin=LED11-1
Added Pin To Net: NetName=NetLED11_1 Pin=U4-6
Added Net: Name=NetLED11_1
Added Pin To Net: NetName=NetLED11_2 Pin=LED11-2
Added Pin To Net: NetName=NetLED11_2 Pin=R11-2
Added Net: Name=NetLED11_2
Added Pin To Net: NetName=NetLED12_1 Pin=LED12-1
Added Pin To Net: NetName=NetLED12_1 Pin=U4-8
Added Net: Name=NetLED12_1
Added Pin To Net: NetName=NetLED12_2 Pin=LED12-2
Added Pin To Net: NetName=NetLED12_2 Pin=R12-2
Added Net: Name=NetLED12_2
Added Pin To Net: NetName=NetLED13_1 Pin=LED13-1
Added Pin To Net: NetName=NetLED13_1 Pin=U5-2
Added Net: Name=NetLED13_1
Added Pin To Net: NetName=NetLED13_2 Pin=LED13-2
Added Pin To Net: NetName=NetLED13_2 Pin=R13-2
Added Net: Name=NetLED13_2
Added Pin To Net: NetName=NetLED14_1 Pin=LED14-1
Added Pin To Net: NetName=NetLED14_1 Pin=U5-4
Added Net: Name=NetLED14_1
Added Pin To Net: NetName=NetLED14_2 Pin=LED14-2
Added Pin To Net: NetName=NetLED14_2 Pin=R14-2
Added Net: Name=NetLED14_2
Added Pin To Net: NetName=NetLED15_1 Pin=LED15-1
Added Pin To Net: NetName=NetLED15_1 Pin=U5-6
Added Net: Name=NetLED15_1
Added Pin To Net: NetName=NetLED15_2 Pin=LED15-2
Added Pin To Net: NetName=NetLED15_2 Pin=R15-2
Added Net: Name=NetLED15_2
Added Pin To Net: NetName=NetLED16_1 Pin=LED16-1
Added Pin To Net: NetName=NetLED16_1 Pin=U5-8
Added Net: Name=NetLED16_1
Added Pin To Net: NetName=NetLED16_2 Pin=LED16-2
Added Pin To Net: NetName=NetLED16_2 Pin=R16-2
Added Net: Name=NetLED16_2
Added Pin To Net: NetName=NetLED17_1 Pin=LED17-1
Added Pin To Net: NetName=NetLED17_1 Pin=R17-1
Added Net: Name=NetLED17_1
Added Pin To Net: NetName=NetLED18_1 Pin=LED18-1
Added Pin To Net: NetName=NetLED18_1 Pin=R18-1
Added Net: Name=NetLED18_1
Added Pin To Net: NetName=NetLED19_1 Pin=LED19-1
Added Pin To Net: NetName=NetLED19_1 Pin=RN3-2
Added Net: Name=NetLED19_1
Added Pin To Net: NetName=NetLED20_1 Pin=LED20-1
Added Pin To Net: NetName=NetLED20_1 Pin=RN3-3
Added Net: Name=NetLED20_1
Added Pin To Net: NetName=NetLED21_1 Pin=LED21-1
Added Pin To Net: NetName=NetLED21_1 Pin=RN3-4
Added Net: Name=NetLED21_1
Added Pin To Net: NetName=NetLED22_1 Pin=LED22-1
Added Pin To Net: NetName=NetLED22_1 Pin=RN3-5
Added Net: Name=NetLED22_1
Added Pin To Net: NetName=NetLED23_1 Pin=LED23-1
Added Pin To Net: NetName=NetLED23_1 Pin=RN3-6
Added Net: Name=NetLED23_1
Added Pin To Net: NetName=NetLED24_1 Pin=LED24-1
Added Pin To Net: NetName=NetLED24_1 Pin=RN3-7
Added Net: Name=NetLED24_1
Added Pin To Net: NetName=NetLED25_1 Pin=LED25-1
Added Pin To Net: NetName=NetLED25_1 Pin=RN3-8
Added Net: Name=NetLED25_1
Added Pin To Net: NetName=NetLED26_1 Pin=LED26-1
Added Pin To Net: NetName=NetLED26_1 Pin=RN3-9
Added Net: Name=NetLED26_1
Added Pin To Net: NetName=OSC1 Pin=C1-2
Added Pin To Net: NetName=OSC1 Pin=CONTROL_CUTTING1-14
Added Pin To Net: NetName=OSC1 Pin=X1-2
Added Net: Name=OSC1
Added Pin To Net: NetName=OSC2 Pin=C2-2
Added Pin To Net: NetName=OSC2 Pin=CONTROL_CUTTING1-13
Added Pin To Net: NetName=OSC2 Pin=X1-1
Added Net: Name=OSC2
Added Pin To Net: NetName=OUT1D0 Pin=IC1-18
Added Pin To Net: NetName=OUT1D0 Pin=JP19-1
Added Pin To Net: NetName=OUT1D0 Pin=LED19-2
Added Net: Name=OUT1D0
Added Pin To Net: NetName=OUT2D1 Pin=IC1-17
Added Pin To Net: NetName=OUT2D1 Pin=JP19-2
Added Pin To Net: NetName=OUT2D1 Pin=LED20-2
Added Net: Name=OUT2D1
Added Pin To Net: NetName=OUT3D2 Pin=IC1-16
Added Pin To Net: NetName=OUT3D2 Pin=JP20-1
Added Pin To Net: NetName=OUT3D2 Pin=LED21-2
Added Net: Name=OUT3D2
Added Pin To Net: NetName=OUT4D3 Pin=IC1-15
Added Pin To Net: NetName=OUT4D3 Pin=JP20-2
Added Pin To Net: NetName=OUT4D3 Pin=LED22-2
Added Net: Name=OUT4D3
Added Pin To Net: NetName=OUT5D4 Pin=IC1-14
Added Pin To Net: NetName=OUT5D4 Pin=JP21-1
Added Pin To Net: NetName=OUT5D4 Pin=LED23-2
Added Net: Name=OUT5D4
Added Pin To Net: NetName=OUT6D5 Pin=IC1-13
Added Pin To Net: NetName=OUT6D5 Pin=JP21-2
Added Pin To Net: NetName=OUT6D5 Pin=LED24-2
Added Net: Name=OUT6D5
Added Pin To Net: NetName=OUT7D6 Pin=IC1-12
Added Pin To Net: NetName=OUT7D6 Pin=JP22-1
Added Pin To Net: NetName=OUT7D6 Pin=JP22-2
Added Pin To Net: NetName=OUT7D6 Pin=LED25-2
Added Net: Name=OUT7D6
Added Pin To Net: NetName=OUT8D7 Pin=IC1-11
Added Pin To Net: NetName=OUT8D7 Pin=LED26-2
Added Net: Name=OUT8D7
Added Pin To Net: NetName=P+24V Pin=D1-1
Added Pin To Net: NetName=P+24V Pin=D2-2
Added Pin To Net: NetName=P+24V Pin=JP13-2
Added Net: Name=P+24V
Added Pin To Net: NetName=PGND Pin=D3-1
Added Pin To Net: NetName=PGND Pin=D4-2
Added Pin To Net: NetName=PGND Pin=JP13-1
Added Net: Name=PGND
Added Pin To Net: NetName=RESET Pin=C7-2
Added Pin To Net: NetName=RESET Pin=CONTROL_CUTTING1-1
Added Pin To Net: NetName=RESET Pin=JP14-2
Added Pin To Net: NetName=RESET Pin=PK1-1
Added Net: Name=RESET
Added Class: Name=MAINCUTTING
Added Room: Name=MAINCUTTING
